<?xml version="1.0" encoding="UTF-8"?>
<!-- Generated by org.testng.reporters.JUnitReportReporter -->
<testsuite skipped="0" hostname="Hp" name="TestNGDemo.TestNGFirstProgram" tests="1" failures="0" timestamp="2021-06-19T09:37:45 IST" time="0.017" errors="0">
  <testcase name="secondTest" time="0.017" classname="TestNGDemo.TestNGFirstProgram"/>
  <system-out/>
</testsuite> <!-- TestNGDemo.TestNGFirstProgram -->
