<?xml version="1.0" encoding="UTF-8"?>
<!-- Generated by org.testng.reporters.JUnitReportReporter -->
<testsuite skipped="0" hostname="Hp" name="Test_6.RadioButtonSelection" tests="1" failures="0" timestamp="2021-06-19T19:00:28 IST" time="7.989" errors="0">
  <testcase name="radioButtonSelection" time="7.989" classname="Test_6.RadioButtonSelection"/>
  <system-out/>
</testsuite> <!-- Test_6.RadioButtonSelection -->
