<?xml version="1.0" encoding="UTF-8"?>
<!-- Generated by org.testng.reporters.JUnitReportReporter -->
<testsuite skipped="0" hostname="Hp" name="Test_6.MultipleSelection" tests="1" failures="0" timestamp="2021-06-22T06:02:16 IST" time="18.930" errors="0">
  <testcase name="selectMultiple" time="18.930" classname="Test_6.MultipleSelection"/>
  <system-out/>
</testsuite> <!-- Test_6.MultipleSelection -->
