<?xml version="1.0" encoding="UTF-8"?>
<!-- Generated by org.testng.reporters.JUnitReportReporter -->
<testsuite skipped="0" hostname="Hp" name="Test_6.SelectMultiple" tests="1" failures="0" timestamp="2021-06-19T20:24:01 IST" time="8.508" errors="0">
  <testcase name="multipleSelectionDropDown" time="8.508" classname="Test_6.SelectMultiple"/>
  <system-out/>
</testsuite> <!-- Test_6.SelectMultiple -->
