<?xml version="1.0" encoding="UTF-8"?>
<!-- Generated by org.testng.reporters.JUnitReportReporter -->
<testsuite skipped="0" hostname="Hp" name="Test_6.MissingLink" tests="1" failures="0" timestamp="2021-06-22T07:47:16 IST" time="8.145" errors="0">
  <testcase name="checkMissingLink" time="8.145" classname="Test_6.MissingLink"/>
  <system-out/>
</testsuite> <!-- Test_6.MissingLink -->
