<?xml version="1.0" encoding="UTF-8"?>
<!-- Generated by org.testng.reporters.JUnitReportReporter -->
<testsuite skipped="0" hostname="Hp" name="Test_6.EnbaledDisabled" tests="2" failures="0" timestamp="2021-06-19T18:13:03 IST" time="7.561" errors="0">
  <testcase name="enableButton" time="4.862" classname="Test_6.EnbaledDisabled"/>
  <system-out/>
  <testcase name="visibleButton" time="2.699" classname="Test_6.EnbaledDisabled"/>
  <system-out/>
</testsuite> <!-- Test_6.EnbaledDisabled -->
