<?xml version="1.0" encoding="UTF-8"?>
<!-- Generated by org.testng.reporters.JUnitReportReporter -->
<testsuite skipped="0" hostname="Hp" name="Test_15.SignInDataProvider" tests="4" failures="0" timestamp="2021-06-27T19:51:25 IST" time="31.125" errors="0">
  <testcase name="signInPage" time="6.987" classname="Test_15.SignInDataProvider"/>
  <system-out/>
  <testcase name="signInPage" time="10.094" classname="Test_15.SignInDataProvider"/>
  <system-out/>
  <testcase name="signInPage" time="7.683" classname="Test_15.SignInDataProvider"/>
  <system-out/>
  <testcase name="signInPage" time="6.361" classname="Test_15.SignInDataProvider"/>
  <system-out/>
</testsuite> <!-- Test_15.SignInDataProvider -->
